[debug] [2020-08-19T14:01:12.479Z] ----------------------------------------------------------------------
[debug] [2020-08-19T14:01:12.486Z] Command:       /usr/bin/node /usr/bin/firebase init
[debug] [2020-08-19T14:01:12.487Z] CLI Version:   8.6.0
[debug] [2020-08-19T14:01:12.487Z] Platform:      linux
[debug] [2020-08-19T14:01:12.487Z] Node Version:  v12.18.3
[debug] [2020-08-19T14:01:12.519Z] Time:          Wed Aug 19 2020 19:31:12 GMT+0530 (India Standard Time)
[debug] [2020-08-19T14:01:12.520Z] ----------------------------------------------------------------------
[debug] [2020-08-19T14:01:12.520Z] 
[debug] [2020-08-19T14:01:12.594Z] > command requires scopes: ["email","openid","https://www.googleapis.com/auth/cloudplatformprojects.readonly","https://www.googleapis.com/auth/firebase","https://www.googleapis.com/auth/cloud-platform"]
[debug] [2020-08-19T14:01:12.596Z] > authorizing via signed-in user
[info] 
     ######## #### ########  ######## ########     ###     ######  ########
     ##        ##  ##     ## ##       ##     ##  ##   ##  ##       ##
     ######    ##  ########  ######   ########  #########  ######  ######
     ##        ##  ##    ##  ##       ##     ## ##     ##       ## ##
     ##       #### ##     ## ######## ########  ##     ##  ######  ########

You're about to initialize a Firebase project in this directory:

  /home/dinesh/Desktop/Account

Before we get started, keep in mind:

  * You are initializing in an existing Firebase project directory

